{"/home/recoder/prog/jafakrypt/quasarexamp/test1/src-pwa/custom-service-worker.js": {"path":"/home/recoder/prog/jafakrypt/quasarexamp/test1/src-pwa/custom-service-worker.js","statementMap":{},"fnMap":{},"branchMap":{},"s":{},"f":{},"b":{},"hash":"01b96dfc05159b9d1e428cb9e1d2ce052282dc43"}
,"/home/recoder/prog/jafakrypt/quasarexamp/test1/src-pwa/register-service-worker.js": {"path":"/home/recoder/prog/jafakrypt/quasarexamp/test1/src-pwa/register-service-worker.js","statementMap":{"0":{"start":{"line":7,"column":0},"end":{"line":41,"column":2}},"1":{"start":{"line":15,"column":4},"end":{"line":15,"column":70}},"2":{"start":{"line":19,"column":4},"end":{"line":19,"column":54}},"3":{"start":{"line":23,"column":4},"end":{"line":23,"column":59}},"4":{"start":{"line":27,"column":4},"end":{"line":27,"column":46}},"5":{"start":{"line":31,"column":4},"end":{"line":31,"column":60}},"6":{"start":{"line":35,"column":4},"end":{"line":35,"column":80}},"7":{"start":{"line":39,"column":4},"end":{"line":39,"column":67}}},"fnMap":{"0":{"name":"(anonymous_0)","decl":{"start":{"line":14,"column":2},"end":{"line":14,"column":3}},"loc":{"start":{"line":14,"column":11},"end":{"line":16,"column":3}},"line":14},"1":{"name":"(anonymous_1)","decl":{"start":{"line":18,"column":2},"end":{"line":18,"column":3}},"loc":{"start":{"line":18,"column":28},"end":{"line":20,"column":3}},"line":18},"2":{"name":"(anonymous_2)","decl":{"start":{"line":22,"column":2},"end":{"line":22,"column":3}},"loc":{"start":{"line":22,"column":24},"end":{"line":24,"column":3}},"line":22},"3":{"name":"(anonymous_3)","decl":{"start":{"line":26,"column":2},"end":{"line":26,"column":3}},"loc":{"start":{"line":26,"column":29},"end":{"line":28,"column":3}},"line":26},"4":{"name":"(anonymous_4)","decl":{"start":{"line":30,"column":2},"end":{"line":30,"column":3}},"loc":{"start":{"line":30,"column":25},"end":{"line":32,"column":3}},"line":30},"5":{"name":"(anonymous_5)","decl":{"start":{"line":34,"column":2},"end":{"line":34,"column":3}},"loc":{"start":{"line":34,"column":13},"end":{"line":36,"column":3}},"line":34},"6":{"name":"(anonymous_6)","decl":{"start":{"line":38,"column":2},"end":{"line":38,"column":3}},"loc":{"start":{"line":38,"column":14},"end":{"line":40,"column":3}},"line":38}},"branchMap":{},"s":{"0":0,"1":0,"2":0,"3":0,"4":0,"5":0,"6":0,"7":0},"f":{"0":0,"1":0,"2":0,"3":0,"4":0,"5":0,"6":0},"b":{},"hash":"3d1721e5414ac93a463c93a07c708c0e65f13e4f"}
,"/home/recoder/prog/jafakrypt/quasarexamp/test1/src/components/Example1.vue": {"path":"/home/recoder/prog/jafakrypt/quasarexamp/test1/src/components/Example1.vue","statementMap":{"0":{"start":{"line":79,"column":0},"end":{"line":79,"column":null}}},"fnMap":{"0":{"name":"data","decl":{"start":{"line":78,"column":0},"end":{"line":78,"column":null}},"loc":{"start":{"line":78,"column":0},"end":{"line":151,"column":null}}}},"branchMap":{},"s":{"0":0},"f":{"0":0},"b":{}}
,"/home/recoder/prog/jafakrypt/quasarexamp/test1/src/layouts/MyLayout.vue": {"path":"/home/recoder/prog/jafakrypt/quasarexamp/test1/src/layouts/MyLayout.vue","statementMap":{"0":{"start":{"line":93,"column":0},"end":{"line":93,"column":null}},"1":{"start":{"line":97,"column":0},"end":{"line":97,"column":null}}},"fnMap":{"0":{"name":"data","decl":{"start":{"line":96,"column":0},"end":{"line":96,"column":null}},"loc":{"start":{"line":96,"column":0},"end":{"line":100,"column":null}}}},"branchMap":{},"s":{"0":0,"1":0},"f":{"0":0},"b":{}}
,"/home/recoder/prog/jafakrypt/quasarexamp/test1/src/pages/Calculator.vue": {"path":"/home/recoder/prog/jafakrypt/quasarexamp/test1/src/pages/Calculator.vue","statementMap":{"0":{"start":{"line":68,"column":0},"end":{"line":68,"column":null}},"1":{"start":{"line":72,"column":0},"end":{"line":72,"column":null}},"2":{"start":{"line":99,"column":0},"end":{"line":99,"column":null}},"3":{"start":{"line":100,"column":0},"end":{"line":100,"column":null}},"4":{"start":{"line":103,"column":0},"end":{"line":103,"column":null}},"5":{"start":{"line":106,"column":0},"end":{"line":108,"column":null}},"6":{"start":{"line":107,"column":0},"end":{"line":107,"column":null}},"7":{"start":{"line":109,"column":0},"end":{"line":109,"column":null}},"8":{"start":{"line":112,"column":0},"end":{"line":112,"column":null}},"9":{"start":{"line":113,"column":0},"end":{"line":115,"column":null}},"10":{"start":{"line":114,"column":0},"end":{"line":114,"column":null}},"11":{"start":{"line":116,"column":0},"end":{"line":116,"column":null}},"12":{"start":{"line":122,"column":0},"end":{"line":122,"column":null}},"13":{"start":{"line":123,"column":0},"end":{"line":123,"column":null}},"14":{"start":{"line":125,"column":0},"end":{"line":125,"column":null}},"15":{"start":{"line":126,"column":0},"end":{"line":126,"column":null}},"16":{"start":{"line":127,"column":0},"end":{"line":127,"column":null}},"17":{"start":{"line":128,"column":0},"end":{"line":128,"column":null}},"18":{"start":{"line":129,"column":0},"end":{"line":129,"column":null}},"19":{"start":{"line":130,"column":0},"end":{"line":130,"column":null}},"20":{"start":{"line":131,"column":0},"end":{"line":131,"column":null}},"21":{"start":{"line":132,"column":0},"end":{"line":136,"column":null}},"22":{"start":{"line":133,"column":0},"end":{"line":133,"column":null}},"23":{"start":{"line":135,"column":0},"end":{"line":135,"column":null}},"24":{"start":{"line":139,"column":0},"end":{"line":139,"column":null}},"25":{"start":{"line":142,"column":0},"end":{"line":144,"column":null}},"26":{"start":{"line":143,"column":0},"end":{"line":143,"column":null}},"27":{"start":{"line":145,"column":0},"end":{"line":145,"column":null}},"28":{"start":{"line":146,"column":0},"end":{"line":146,"column":null}},"29":{"start":{"line":149,"column":0},"end":{"line":149,"column":null}},"30":{"start":{"line":150,"column":0},"end":{"line":150,"column":null}}},"fnMap":{"0":{"name":"example1","decl":{"start":{"line":68,"column":0},"end":{"line":68,"column":null}},"loc":{"start":{"line":68,"column":0},"end":{"line":68,"column":null}}},"1":{"name":"data","decl":{"start":{"line":71,"column":0},"end":{"line":71,"column":null}},"loc":{"start":{"line":71,"column":0},"end":{"line":96,"column":null}}},"2":{"name":"setPaperFromString","decl":{"start":{"line":98,"column":0},"end":{"line":98,"column":null}},"loc":{"start":{"line":98,"column":0},"end":{"line":101,"column":null}}},"3":{"name":"paperPriceTotal","decl":{"start":{"line":102,"column":0},"end":{"line":102,"column":null}},"loc":{"start":{"line":102,"column":0},"end":{"line":104,"column":null}}},"4":{"name":"printTime","decl":{"start":{"line":105,"column":0},"end":{"line":105,"column":null}},"loc":{"start":{"line":105,"column":0},"end":{"line":110,"column":null}}},"5":{"name":"printTotalPrice","decl":{"start":{"line":111,"column":0},"end":{"line":111,"column":null}},"loc":{"start":{"line":111,"column":0},"end":{"line":117,"column":null}}},"6":{"name":"onArc","decl":{"start":{"line":120,"column":0},"end":{"line":120,"column":null}},"loc":{"start":{"line":120,"column":0},"end":{"line":137,"column":null}}},"7":{"name":"numArc","decl":{"start":{"line":138,"column":0},"end":{"line":138,"column":null}},"loc":{"start":{"line":138,"column":0},"end":{"line":140,"column":null}}},"8":{"name":"sheetSizeInMeters","decl":{"start":{"line":141,"column":0},"end":{"line":141,"column":null}},"loc":{"start":{"line":141,"column":0},"end":{"line":147,"column":null}}},"9":{"name":"sheetPrice","decl":{"start":{"line":148,"column":0},"end":{"line":148,"column":null}},"loc":{"start":{"line":148,"column":0},"end":{"line":151,"column":null}}}},"branchMap":{"0":{"loc":{"start":{"line":106,"column":0},"end":{"line":108,"column":null}},"type":"if","locations":[{"start":{"line":106,"column":0},"end":{"line":108,"column":null}},{"start":{"line":106,"column":0},"end":{"line":108,"column":null}}]},"1":{"loc":{"start":{"line":113,"column":0},"end":{"line":115,"column":null}},"type":"if","locations":[{"start":{"line":113,"column":0},"end":{"line":115,"column":null}},{"start":{"line":113,"column":0},"end":{"line":115,"column":null}}]},"2":{"loc":{"start":{"line":127,"column":0},"end":{"line":127,"column":null}},"type":"if","locations":[{"start":{"line":127,"column":0},"end":{"line":127,"column":null}},{"start":{"line":127,"column":0},"end":{"line":127,"column":null}}]},"3":{"loc":{"start":{"line":132,"column":0},"end":{"line":136,"column":null}},"type":"if","locations":[{"start":{"line":132,"column":0},"end":{"line":136,"column":null}},{"start":{"line":132,"column":0},"end":{"line":136,"column":null}}]},"4":{"loc":{"start":{"line":142,"column":0},"end":{"line":144,"column":null}},"type":"if","locations":[{"start":{"line":142,"column":0},"end":{"line":144,"column":null}},{"start":{"line":142,"column":0},"end":{"line":144,"column":null}}]}},"s":{"0":0,"1":0,"2":0,"3":0,"4":0,"5":0,"6":0,"7":0,"8":0,"9":0,"10":0,"11":0,"12":0,"13":0,"14":0,"15":0,"16":0,"17":0,"18":0,"19":0,"20":0,"21":0,"22":0,"23":0,"24":0,"25":0,"26":0,"27":0,"28":0,"29":0,"30":0},"f":{"0":0,"1":0,"2":0,"3":0,"4":0,"5":0,"6":0,"7":0,"8":0,"9":0},"b":{"0":[0,0],"1":[0,0],"2":[0,0],"3":[0,0],"4":[0,0]}}
,"/home/recoder/prog/jafakrypt/quasarexamp/test1/src/pages/Index.vue": {"path":"/home/recoder/prog/jafakrypt/quasarexamp/test1/src/pages/Index.vue","statementMap":{"0":{"start":{"line":21,"column":0},"end":{"line":21,"column":null}},"1":{"start":{"line":26,"column":0},"end":{"line":26,"column":null}}},"fnMap":{"0":{"name":"data","decl":{"start":{"line":20,"column":0},"end":{"line":20,"column":null}},"loc":{"start":{"line":20,"column":0},"end":{"line":23,"column":null}}},"1":{"name":"goToCalc","decl":{"start":{"line":25,"column":0},"end":{"line":25,"column":null}},"loc":{"start":{"line":25,"column":0},"end":{"line":27,"column":null}}}},"branchMap":{},"s":{"0":0,"1":0},"f":{"0":0,"1":0},"b":{}}
,"/home/recoder/prog/jafakrypt/quasarexamp/test1/src/router/index.js": {"path":"/home/recoder/prog/jafakrypt/quasarexamp/test1/src/router/index.js","statementMap":{"0":{"start":{"line":6,"column":0},"end":{"line":6,"column":18}},"1":{"start":{"line":14,"column":17},"end":{"line":23,"column":4}},"2":{"start":{"line":15,"column":27},"end":{"line":15,"column":41}},"3":{"start":{"line":25,"column":2},"end":{"line":25,"column":15}}},"fnMap":{"0":{"name":"(anonymous_0)","decl":{"start":{"line":13,"column":15},"end":{"line":13,"column":16}},"loc":{"start":{"line":13,"column":54},"end":{"line":26,"column":1}},"line":13},"1":{"name":"(anonymous_1)","decl":{"start":{"line":15,"column":20},"end":{"line":15,"column":21}},"loc":{"start":{"line":15,"column":27},"end":{"line":15,"column":41}},"line":15}},"branchMap":{},"s":{"0":0,"1":0,"2":0,"3":0},"f":{"0":0,"1":0},"b":{},"hash":"1b0a3acd4bf66a6e50f8a3b447ca4203eb3525be"}
,"/home/recoder/prog/jafakrypt/quasarexamp/test1/src/router/routes.js": {"path":"/home/recoder/prog/jafakrypt/quasarexamp/test1/src/router/routes.js","statementMap":{"0":{"start":{"line":2,"column":15},"end":{"line":11,"column":1}},"1":{"start":{"line":5,"column":21},"end":{"line":5,"column":51}},"2":{"start":{"line":7,"column":35},"end":{"line":7,"column":60}},"3":{"start":{"line":8,"column":41},"end":{"line":8,"column":71}},"4":{"start":{"line":14,"column":0},"end":{"line":19,"column":1}},"5":{"start":{"line":15,"column":2},"end":{"line":18,"column":4}},"6":{"start":{"line":17,"column":21},"end":{"line":17,"column":49}}},"fnMap":{"0":{"name":"(anonymous_0)","decl":{"start":{"line":5,"column":15},"end":{"line":5,"column":16}},"loc":{"start":{"line":5,"column":21},"end":{"line":5,"column":51}},"line":5},"1":{"name":"(anonymous_1)","decl":{"start":{"line":7,"column":29},"end":{"line":7,"column":30}},"loc":{"start":{"line":7,"column":35},"end":{"line":7,"column":60}},"line":7},"2":{"name":"(anonymous_2)","decl":{"start":{"line":8,"column":35},"end":{"line":8,"column":36}},"loc":{"start":{"line":8,"column":41},"end":{"line":8,"column":71}},"line":8},"3":{"name":"(anonymous_3)","decl":{"start":{"line":17,"column":15},"end":{"line":17,"column":16}},"loc":{"start":{"line":17,"column":21},"end":{"line":17,"column":49}},"line":17}},"branchMap":{"0":{"loc":{"start":{"line":14,"column":0},"end":{"line":19,"column":1}},"type":"if","locations":[{"start":{"line":14,"column":0},"end":{"line":19,"column":1}},{"start":{"line":14,"column":0},"end":{"line":19,"column":1}}],"line":14}},"s":{"0":0,"1":0,"2":0,"3":0,"4":0,"5":0,"6":0},"f":{"0":0,"1":0,"2":0,"3":0},"b":{"0":[0,0]},"hash":"ca5d02bd349b0984a1e858903ff69dc9f09b46f7"}
}
