TN:
SF:/home/recoder/prog/jafakrypt/quasarexamp/test1/src-pwa/custom-service-worker.js
FNF:0
FNH:0
LF:0
LH:0
BRF:0
BRH:0
end_of_record
TN:
SF:/home/recoder/prog/jafakrypt/quasarexamp/test1/src-pwa/register-service-worker.js
FN:14,(anonymous_0)
FN:18,(anonymous_1)
FN:22,(anonymous_2)
FN:26,(anonymous_3)
FN:30,(anonymous_4)
FN:34,(anonymous_5)
FN:38,(anonymous_6)
FNF:7
FNH:0
FNDA:0,(anonymous_0)
FNDA:0,(anonymous_1)
FNDA:0,(anonymous_2)
FNDA:0,(anonymous_3)
FNDA:0,(anonymous_4)
FNDA:0,(anonymous_5)
FNDA:0,(anonymous_6)
DA:7,0
DA:15,0
DA:19,0
DA:23,0
DA:27,0
DA:31,0
DA:35,0
DA:39,0
LF:8
LH:0
BRF:0
BRH:0
end_of_record
TN:
SF:/home/recoder/prog/jafakrypt/quasarexamp/test1/src/components/Example1.vue
FN:78,data
FNF:1
FNH:0
FNDA:0,data
DA:79,0
LF:1
LH:0
BRF:0
BRH:0
end_of_record
TN:
SF:/home/recoder/prog/jafakrypt/quasarexamp/test1/src/layouts/MyLayout.vue
FN:96,data
FNF:1
FNH:0
FNDA:0,data
DA:93,0
DA:97,0
LF:2
LH:0
BRF:0
BRH:0
end_of_record
TN:
SF:/home/recoder/prog/jafakrypt/quasarexamp/test1/src/pages/Calculator.vue
FN:68,example1
FN:71,data
FN:98,setPaperFromString
FN:102,paperPriceTotal
FN:105,printTime
FN:111,printTotalPrice
FN:120,onArc
FN:138,numArc
FN:141,sheetSizeInMeters
FN:148,sheetPrice
FNF:10
FNH:0
FNDA:0,example1
FNDA:0,data
FNDA:0,setPaperFromString
FNDA:0,paperPriceTotal
FNDA:0,printTime
FNDA:0,printTotalPrice
FNDA:0,onArc
FNDA:0,numArc
FNDA:0,sheetSizeInMeters
FNDA:0,sheetPrice
DA:68,0
DA:72,0
DA:99,0
DA:100,0
DA:103,0
DA:106,0
DA:107,0
DA:109,0
DA:112,0
DA:113,0
DA:114,0
DA:116,0
DA:122,0
DA:123,0
DA:125,0
DA:126,0
DA:127,0
DA:128,0
DA:129,0
DA:130,0
DA:131,0
DA:132,0
DA:133,0
DA:135,0
DA:139,0
DA:142,0
DA:143,0
DA:145,0
DA:146,0
DA:149,0
DA:150,0
LF:31
LH:0
BRDA:106,0,0,0
BRDA:106,0,1,0
BRDA:113,1,0,0
BRDA:113,1,1,0
BRDA:127,2,0,0
BRDA:127,2,1,0
BRDA:132,3,0,0
BRDA:132,3,1,0
BRDA:142,4,0,0
BRDA:142,4,1,0
BRF:10
BRH:0
end_of_record
TN:
SF:/home/recoder/prog/jafakrypt/quasarexamp/test1/src/pages/Index.vue
FN:20,data
FN:25,goToCalc
FNF:2
FNH:0
FNDA:0,data
FNDA:0,goToCalc
DA:21,0
DA:26,0
LF:2
LH:0
BRF:0
BRH:0
end_of_record
TN:
SF:/home/recoder/prog/jafakrypt/quasarexamp/test1/src/router/index.js
FN:13,(anonymous_0)
FN:15,(anonymous_1)
FNF:2
FNH:0
FNDA:0,(anonymous_0)
FNDA:0,(anonymous_1)
DA:6,0
DA:14,0
DA:15,0
DA:25,0
LF:4
LH:0
BRF:0
BRH:0
end_of_record
TN:
SF:/home/recoder/prog/jafakrypt/quasarexamp/test1/src/router/routes.js
FN:5,(anonymous_0)
FN:7,(anonymous_1)
FN:8,(anonymous_2)
FN:17,(anonymous_3)
FNF:4
FNH:0
FNDA:0,(anonymous_0)
FNDA:0,(anonymous_1)
FNDA:0,(anonymous_2)
FNDA:0,(anonymous_3)
DA:2,0
DA:5,0
DA:7,0
DA:8,0
DA:14,0
DA:15,0
DA:17,0
LF:7
LH:0
BRDA:14,0,0,0
BRDA:14,0,1,0
BRF:2
BRH:0
end_of_record
